=== EXHAUSTIVE API VERIFICATION START ===
--------------------------------------------------------------------------------------------------------------
FEATURE                                            | METHOD PATH                           | STAT | RESULT
--------------------------------------------------------------------------------------------------------------
Login Admin                                        | POST   auth/login                     | 200 |  PASS
Login User                                         | POST   auth/login                     | 200 |  PASS
Profile (Me)                                       | GET    auth/me                        | 200 |  PASS
Update Profile                                     | PUT    auth/me                        | 200 |  PASS
List Users                                         | GET    users                          | 200 |  PASS
List Users (User Role)                             | GET    users                          | 403 |  PASS
Create User                                        | POST   users                          | 201 |  PASS
Assign Role                                        | POST   users/2/roles                  | 200 |  PASS
List Roles                                         | GET    roles                          | 200 |  PASS
List Permissions                                   | GET    permissions                    | 200 |  PASS
List Categories                                    | GET    categories                     | 200 |  PASS
Create Category                                    | POST   categories                     | 422 | ﯔ FAIL
List Products                                      | GET    products                       | 200 |  PASS
Create Product                                     | POST   products                       | 422 | ﯔ FAIL
Low Stock Products                                 | GET    products/low-stock             | 500 | ﯔ FAIL
List Suppliers                                     | GET    fournisseurs                   | 200 |  PASS
List Orders                                        | GET    commandes                      | 200 |  PASS
List Movements                                     | GET    mouvements                     | 200 |  PASS
List Entries                                       | GET    mouvements/entrees             | 200 |  PASS
List Exits                                         | GET    mouvements/sorties             | 200 |  PASS
Active Alerts                                      | GET    alertes/actives                | 200 |  PASS
Unread Notifications                               | GET    notifications/unread-count     | 200 |  PASS
Dashboard                                          | GET    dashboard                      | 200 |  PASS
List Reports                                       | GET    rapports                       | 200 |  PASS
Forecasts                                          | GET    previsions                     | 200 |  PASS
--------------------------------------------------------------------------------------------------------------
=== EXHAUSTIVE API VERIFICATION COMPLETE ===
